[INFO|logy|L65] 2024-05-12T18:27:28+0300: generator: Running the json configuration parser
[INFO|logy|L65] 2024-05-12T18:27:28+0300: generator: Done running the json configuration parser
[INFO|logy|L65] 2024-05-12T18:27:28+0300: generator: Running Ostream for the templates
[INFO|logy|L65] 2024-05-12T18:27:28+0300: generator: Done running Ostream for the templates
[INFO|logy|L65] 2024-05-12T18:28:52+0300: generator: Running the json configuration parser
[INFO|logy|L65] 2024-05-12T18:28:52+0300: generator: Done running the json configuration parser
[INFO|logy|L65] 2024-05-12T18:28:52+0300: generator: Running Ostream for the templates
[INFO|logy|L65] 2024-05-12T18:28:52+0300: generator: Done running Ostream for the templates
[INFO|logy|L65] 2024-06-04T11:23:32+0000: generator: Running the json configuration parser
[INFO|logy|L65] 2024-06-04T11:23:32+0000: generator: Done running the json configuration parser
[INFO|logy|L65] 2024-06-04T11:23:32+0000: generator: Running Ostream for the templates
[INFO|logy|L65] 2024-06-04T11:23:32+0000: generator: Done running Ostream for the templates
[INFO|logy|L65] 2024-06-04T11:25:06+0000: generator: Running the json configuration parser
[INFO|logy|L65] 2024-06-04T11:27:05+0000: generator: Running the json configuration parser
[INFO|logy|L65] 2024-06-04T11:27:05+0000: generator: Done running the json configuration parser
[INFO|logy|L65] 2024-06-04T11:27:05+0000: generator: Running Ostream for the templates
[INFO|logy|L65] 2024-06-04T11:27:06+0000: generator: Done running Ostream for the templates
[INFO|logy|L65] 2024-06-04T11:28:14+0000: generator: Running the json configuration parser
[INFO|logy|L65] 2024-06-04T11:28:14+0000: generator: Done running the json configuration parser
[INFO|logy|L65] 2024-06-04T11:28:14+0000: generator: Running Ostream for the templates
[INFO|logy|L65] 2024-06-04T11:28:15+0000: generator: Done running Ostream for the templates
[INFO|logy|L65] 2024-06-04T13:14:36+0000: generator: Running the json configuration parser
[INFO|logy|L65] 2024-06-04T13:14:36+0000: generator: Done running the json configuration parser
[INFO|logy|L65] 2024-06-04T13:14:36+0000: generator: Running Ostream for the templates
[INFO|logy|L65] 2024-06-04T13:14:37+0000: generator: Done running Ostream for the templates
[INFO|logy|L65] 2024-06-04T13:14:59+0000: generator: Running the json configuration parser
[INFO|logy|L65] 2024-06-04T13:14:59+0000: generator: Done running the json configuration parser
[INFO|logy|L65] 2024-06-04T13:14:59+0000: generator: Running Ostream for the templates
[INFO|logy|L65] 2024-06-04T13:15:00+0000: generator: Done running Ostream for the templates
[INFO|logy|L65] 2024-06-04T13:15:13+0000: generator: Running the json configuration parser
[INFO|logy|L65] 2024-06-04T13:15:13+0000: generator: Done running the json configuration parser
[INFO|logy|L65] 2024-06-04T13:15:13+0000: generator: Running Ostream for the templates
[INFO|logy|L65] 2024-06-04T13:15:13+0000: generator: Done running Ostream for the templates
[INFO|logy|L65] 2024-06-04T13:17:37+0000: generator: Running the json configuration parser
[INFO|logy|L65] 2024-06-04T13:17:37+0000: generator: Done running the json configuration parser
[INFO|logy|L65] 2024-06-04T13:17:37+0000: generator: Running Ostream for the templates
[INFO|logy|L65] 2024-06-04T13:17:38+0000: generator: Done running Ostream for the templates
[INFO|logy|L65] 2024-06-04T13:24:56+0000: generator: Running the json configuration parser
[INFO|logy|L65] 2024-06-04T13:24:56+0000: generator: Done running the json configuration parser
[INFO|logy|L65] 2024-06-04T13:24:56+0000: generator: Running Ostream for the templates
[INFO|logy|L65] 2024-06-04T13:24:56+0000: generator: Done running Ostream for the templates
[INFO|logy|L65] 2024-06-04T13:28:07+0000: generator: Running the json configuration parser
[INFO|logy|L65] 2024-06-04T13:28:07+0000: generator: Done running the json configuration parser
[INFO|logy|L65] 2024-06-04T13:28:07+0000: generator: Running Ostream for the templates
[INFO|logy|L65] 2024-06-04T13:28:07+0000: generator: Done running Ostream for the templates
[INFO|logy|L65] 2024-06-04T13:33:30+0000: generator: Running the json configuration parser
[INFO|logy|L65] 2024-06-04T13:33:30+0000: generator: Done running the json configuration parser
[INFO|logy|L65] 2024-06-04T13:33:30+0000: generator: Running Ostream for the templates
[INFO|logy|L65] 2024-06-04T13:33:30+0000: generator: Done running Ostream for the templates
[INFO|logy|L65] 2024-06-04T13:34:57+0000: generator: Running the json configuration parser
[INFO|logy|L65] 2024-06-04T13:34:57+0000: generator: Done running the json configuration parser
[INFO|logy|L65] 2024-06-04T13:34:57+0000: generator: Running Ostream for the templates
[INFO|logy|L65] 2024-06-04T13:34:58+0000: generator: Done running Ostream for the templates
[INFO|logy|L65] 2024-06-05T09:12:28+0000: generator: Running the json configuration parser
[INFO|logy|L65] 2024-06-05T09:12:28+0000: generator: Done running the json configuration parser
[INFO|logy|L65] 2024-06-05T09:12:28+0000: generator: Running Ostream for the templates
[INFO|logy|L65] 2024-06-05T09:12:29+0000: generator: Done running Ostream for the templates
[INFO|logy|L65] 2024-06-05T09:17:43+0000: generator: Running the json configuration parser
[INFO|logy|L65] 2024-06-05T09:17:43+0000: generator: Done running the json configuration parser
[INFO|logy|L65] 2024-06-05T09:17:43+0000: generator: Running Ostream for the templates
[INFO|logy|L65] 2024-06-05T09:18:24+0000: generator: Running the json configuration parser
[INFO|logy|L65] 2024-06-05T09:18:24+0000: generator: Done running the json configuration parser
[INFO|logy|L65] 2024-06-05T09:18:24+0000: generator: Running Ostream for the templates
[INFO|logy|L65] 2024-06-05T09:18:25+0000: generator: Done running Ostream for the templates
[INFO|logy|L65] 2024-06-05T09:18:44+0000: generator: Running the json configuration parser
[INFO|logy|L65] 2024-06-05T09:18:44+0000: generator: Done running the json configuration parser
[INFO|logy|L65] 2024-06-05T09:18:44+0000: generator: Running Ostream for the templates
[INFO|logy|L65] 2024-06-05T09:18:45+0000: generator: Done running Ostream for the templates
[INFO|logy|L65] 2024-06-05T09:19:40+0000: generator: Running the json configuration parser
[INFO|logy|L65] 2024-06-05T09:19:40+0000: generator: Done running the json configuration parser
[INFO|logy|L65] 2024-06-05T09:19:40+0000: generator: Running Ostream for the templates
[INFO|logy|L65] 2024-06-05T09:19:40+0000: generator: Done running Ostream for the templates
[INFO|logy|L65] 2024-06-05T09:23:27+0000: generator: Running the json configuration parser
[INFO|logy|L65] 2024-06-05T09:23:27+0000: generator: Done running the json configuration parser
[INFO|logy|L65] 2024-06-05T09:23:27+0000: generator: Running Ostream for the templates
[INFO|logy|L65] 2024-06-05T09:23:28+0000: generator: Done running Ostream for the templates
[INFO|logy|L65] 2024-06-05T09:24:02+0000: generator: Running the json configuration parser
[INFO|logy|L65] 2024-06-05T09:24:02+0000: generator: Done running the json configuration parser
[INFO|logy|L65] 2024-06-05T09:24:02+0000: generator: Running Ostream for the templates
[INFO|logy|L65] 2024-06-05T09:24:03+0000: generator: Done running Ostream for the templates
[INFO|logy|L65] 2024-06-05T09:25:01+0000: generator: Running the json configuration parser
[INFO|logy|L65] 2024-06-05T09:25:01+0000: generator: Done running the json configuration parser
[INFO|logy|L65] 2024-06-05T09:25:01+0000: generator: Running Ostream for the templates
[INFO|logy|L65] 2024-06-05T09:25:02+0000: generator: Done running Ostream for the templates
[INFO|logy|L65] 2024-06-05T09:25:57+0000: generator: Running the json configuration parser
[INFO|logy|L65] 2024-06-05T09:25:57+0000: generator: Done running the json configuration parser
[INFO|logy|L65] 2024-06-05T09:25:57+0000: generator: Running Ostream for the templates
[INFO|logy|L65] 2024-06-05T09:25:58+0000: generator: Done running Ostream for the templates
[INFO|logy|L65] 2024-06-05T09:36:21+0000: generator: Running the json configuration parser
[INFO|logy|L65] 2024-06-05T09:36:21+0000: generator: Done running the json configuration parser
[INFO|logy|L65] 2024-06-05T09:36:21+0000: generator: Running Ostream for the templates
[INFO|logy|L65] 2024-06-05T09:36:31+0000: generator: Running the json configuration parser
[INFO|logy|L65] 2024-06-05T09:36:32+0000: generator: Done running the json configuration parser
[INFO|logy|L65] 2024-06-05T09:36:32+0000: generator: Running Ostream for the templates
[INFO|logy|L65] 2024-06-05T09:36:32+0000: generator: Done running Ostream for the templates
[INFO|logy|L65] 2024-06-05T09:36:47+0000: generator: Running the json configuration parser
[INFO|logy|L65] 2024-06-05T09:36:47+0000: generator: Done running the json configuration parser
[INFO|logy|L65] 2024-06-05T09:36:47+0000: generator: Running Ostream for the templates
[INFO|logy|L65] 2024-06-05T09:36:47+0000: generator: Done running Ostream for the templates
[INFO|logy|L65] 2024-06-05T09:47:16+0000: generator: Running the json configuration parser
[INFO|logy|L65] 2024-06-05T09:47:16+0000: generator: Done running the json configuration parser
[INFO|logy|L65] 2024-06-05T09:47:16+0000: generator: Running Ostream for the templates
[INFO|logy|L65] 2024-06-05T09:47:31+0000: generator: Running the json configuration parser
[INFO|logy|L65] 2024-06-05T09:47:31+0000: generator: Done running the json configuration parser
[INFO|logy|L65] 2024-06-05T09:47:31+0000: generator: Running Ostream for the templates
[INFO|logy|L65] 2024-06-05T09:47:41+0000: generator: Running the json configuration parser
[INFO|logy|L65] 2024-06-05T09:47:41+0000: generator: Done running the json configuration parser
[INFO|logy|L65] 2024-06-05T09:47:41+0000: generator: Running Ostream for the templates
[INFO|logy|L65] 2024-06-05T09:47:41+0000: generator: Done running Ostream for the templates
[INFO|logy|L65] 2024-06-05T09:48:21+0000: generator: Running the json configuration parser
[INFO|logy|L65] 2024-06-05T09:48:21+0000: generator: Done running the json configuration parser
[INFO|logy|L65] 2024-06-05T09:48:21+0000: generator: Running Ostream for the templates
[INFO|logy|L65] 2024-06-05T09:48:22+0000: generator: Done running Ostream for the templates
[INFO|logy|L65] 2024-06-05T09:51:05+0000: generator: Running the json configuration parser
[INFO|logy|L65] 2024-06-05T09:51:05+0000: generator: Done running the json configuration parser
[INFO|logy|L65] 2024-06-05T09:51:05+0000: generator: Running Ostream for the templates
[INFO|logy|L65] 2024-06-05T09:51:05+0000: generator: Done running Ostream for the templates
[INFO|logy|L65] 2024-06-05T09:51:37+0000: generator: Running the json configuration parser
[INFO|logy|L65] 2024-06-05T09:51:37+0000: generator: Done running the json configuration parser
[INFO|logy|L65] 2024-06-05T09:51:37+0000: generator: Running Ostream for the templates
[INFO|logy|L65] 2024-06-05T09:51:38+0000: generator: Done running Ostream for the templates
[INFO|logy|L65] 2024-06-05T09:52:06+0000: generator: Running the json configuration parser
[INFO|logy|L65] 2024-06-05T09:52:06+0000: generator: Done running the json configuration parser
[INFO|logy|L65] 2024-06-05T09:52:06+0000: generator: Running Ostream for the templates
[INFO|logy|L65] 2024-06-05T09:52:06+0000: generator: Done running Ostream for the templates
[INFO|logy|L65] 2024-06-05T09:52:15+0000: generator: Running the json configuration parser
[INFO|logy|L65] 2024-06-05T09:52:15+0000: generator: Done running the json configuration parser
[INFO|logy|L65] 2024-06-05T09:52:15+0000: generator: Running Ostream for the templates
[INFO|logy|L65] 2024-06-05T09:52:15+0000: generator: Done running Ostream for the templates
[INFO|logy|L65] 2024-06-05T09:53:31+0000: generator: Running the json configuration parser
[INFO|logy|L65] 2024-06-05T09:53:31+0000: generator: Done running the json configuration parser
[INFO|logy|L65] 2024-06-05T09:53:31+0000: generator: Running Ostream for the templates
[INFO|logy|L65] 2024-06-05T09:53:32+0000: generator: Done running Ostream for the templates
[INFO|logy|L65] 2024-06-05T09:54:53+0000: generator: Running the json configuration parser
[INFO|logy|L65] 2024-06-05T09:54:53+0000: generator: Done running the json configuration parser
[INFO|logy|L65] 2024-06-05T09:54:53+0000: generator: Running Ostream for the templates
[INFO|logy|L65] 2024-06-05T09:54:54+0000: generator: Done running Ostream for the templates
[INFO|logy|L65] 2024-06-05T09:55:03+0000: generator: Running the json configuration parser
[INFO|logy|L65] 2024-06-05T09:55:03+0000: generator: Done running the json configuration parser
[INFO|logy|L65] 2024-06-05T09:55:03+0000: generator: Running Ostream for the templates
[INFO|logy|L65] 2024-06-05T09:55:03+0000: generator: Done running Ostream for the templates
[INFO|logy|L65] 2024-06-05T12:01:08+0000: generator: Running the json configuration parser
[INFO|logy|L65] 2024-06-05T12:01:08+0000: generator: Done running the json configuration parser
[INFO|logy|L65] 2024-06-05T12:01:08+0000: generator: Running Ostream for the templates
[INFO|logy|L65] 2024-06-05T12:01:08+0000: generator: Done running Ostream for the templates
[INFO|logy|L65] 2024-06-05T12:01:16+0000: generator: Running the json configuration parser
[INFO|logy|L65] 2024-06-05T12:01:16+0000: generator: Done running the json configuration parser
[INFO|logy|L65] 2024-06-05T12:01:16+0000: generator: Running Ostream for the templates
[INFO|logy|L65] 2024-06-05T12:01:17+0000: generator: Done running Ostream for the templates
[INFO|logy|L65] 2024-06-05T12:09:07+0000: generator: Running the json configuration parser
[INFO|logy|L65] 2024-06-05T12:09:07+0000: generator: Done running the json configuration parser
[INFO|logy|L65] 2024-06-05T12:09:07+0000: generator: Running Ostream for the templates
[INFO|logy|L65] 2024-06-05T12:09:25+0000: generator: Running the json configuration parser
[INFO|logy|L65] 2024-06-05T12:09:25+0000: generator: Done running the json configuration parser
[INFO|logy|L65] 2024-06-05T12:09:25+0000: generator: Running Ostream for the templates
[INFO|logy|L65] 2024-06-05T12:09:36+0000: generator: Running the json configuration parser
[INFO|logy|L65] 2024-06-05T12:09:36+0000: generator: Done running the json configuration parser
[INFO|logy|L65] 2024-06-05T12:09:36+0000: generator: Running Ostream for the templates
[INFO|logy|L65] 2024-06-05T12:09:37+0000: generator: Done running Ostream for the templates
[INFO|logy|L65] 2024-06-05T12:14:42+0000: generator: Running the json configuration parser
[INFO|logy|L65] 2024-06-05T12:14:42+0000: generator: Done running the json configuration parser
[INFO|logy|L65] 2024-06-05T12:14:42+0000: generator: Running Ostream for the templates
[INFO|logy|L65] 2024-06-05T12:14:43+0000: generator: Done running Ostream for the templates
[INFO|logy|L65] 2024-06-05T12:15:14+0000: generator: Running the json configuration parser
[INFO|logy|L65] 2024-06-05T12:15:15+0000: generator: Done running the json configuration parser
[INFO|logy|L65] 2024-06-05T12:15:15+0000: generator: Running Ostream for the templates
[INFO|logy|L65] 2024-06-05T12:15:15+0000: generator: Done running Ostream for the templates
[INFO|logy|L65] 2024-06-05T12:19:46+0000: generator: Running the json configuration parser
[INFO|logy|L65] 2024-06-05T12:19:46+0000: generator: Done running the json configuration parser
[INFO|logy|L65] 2024-06-05T12:19:46+0000: generator: Running Ostream for the templates
[INFO|logy|L65] 2024-06-05T12:19:46+0000: generator: Done running Ostream for the templates
[INFO|logy|L65] 2024-06-05T12:26:47+0000: generator: Running the json configuration parser
[INFO|logy|L65] 2024-06-05T12:26:47+0000: generator: Done running the json configuration parser
[INFO|logy|L65] 2024-06-05T12:26:47+0000: generator: Running Ostream for the templates
[INFO|logy|L65] 2024-06-05T12:26:48+0000: generator: Done running Ostream for the templates
[INFO|logy|L65] 2024-06-05T12:28:36+0000: generator: Running the json configuration parser
[INFO|logy|L65] 2024-06-05T12:28:36+0000: generator: Done running the json configuration parser
[INFO|logy|L65] 2024-06-05T12:28:36+0000: generator: Running Ostream for the templates
[INFO|logy|L65] 2024-06-05T12:28:36+0000: generator: Done running Ostream for the templates
[INFO|logy|L65] 2024-06-05T12:30:15+0000: generator: Running the json configuration parser
[INFO|logy|L65] 2024-06-05T12:30:15+0000: generator: Done running the json configuration parser
[INFO|logy|L65] 2024-06-05T12:30:15+0000: generator: Running Ostream for the templates
[INFO|logy|L65] 2024-06-05T12:30:16+0000: generator: Done running Ostream for the templates
[INFO|logy|L65] 2024-06-05T12:31:13+0000: generator: Running the json configuration parser
[INFO|logy|L65] 2024-06-05T12:31:13+0000: generator: Done running the json configuration parser
[INFO|logy|L65] 2024-06-05T12:31:13+0000: generator: Running Ostream for the templates
[INFO|logy|L65] 2024-06-05T12:31:14+0000: generator: Done running Ostream for the templates
[INFO|logy|L65] 2024-06-05T12:31:35+0000: generator: Running the json configuration parser
[INFO|logy|L65] 2024-06-05T12:31:35+0000: generator: Done running the json configuration parser
[INFO|logy|L65] 2024-06-05T12:31:35+0000: generator: Running Ostream for the templates
[INFO|logy|L65] 2024-06-05T12:31:36+0000: generator: Done running Ostream for the templates
[INFO|logy|L65] 2024-06-05T12:35:02+0000: generator: Running the json configuration parser
[INFO|logy|L65] 2024-06-05T12:35:02+0000: generator: Done running the json configuration parser
[INFO|logy|L65] 2024-06-05T12:35:02+0000: generator: Running Ostream for the templates
[INFO|logy|L65] 2024-06-05T12:35:03+0000: generator: Done running Ostream for the templates
[INFO|logy|L65] 2024-06-05T12:35:58+0000: generator: Running the json configuration parser
[INFO|logy|L65] 2024-06-05T12:35:58+0000: generator: Done running the json configuration parser
[INFO|logy|L65] 2024-06-05T12:35:58+0000: generator: Running Ostream for the templates
[INFO|logy|L65] 2024-06-05T12:35:58+0000: generator: Done running Ostream for the templates
[INFO|logy|L65] 2024-06-05T12:38:25+0000: generator: Running the json configuration parser
[INFO|logy|L65] 2024-06-05T12:38:25+0000: generator: Done running the json configuration parser
[INFO|logy|L65] 2024-06-05T12:38:25+0000: generator: Running Ostream for the templates
[INFO|logy|L65] 2024-06-05T12:38:26+0000: generator: Done running Ostream for the templates
[INFO|logy|L65] 2024-06-05T12:41:51+0000: generator: Running the json configuration parser
[INFO|logy|L65] 2024-06-05T12:41:51+0000: generator: Done running the json configuration parser
[INFO|logy|L65] 2024-06-05T12:41:51+0000: generator: Running Ostream for the templates
[INFO|logy|L65] 2024-06-05T12:41:51+0000: generator: Done running Ostream for the templates
[ERROR|logy|L71] 2024-06-05T12:41:51+0000: generator: IndexError: list index out of range. Check template configuration for index 1.
[INFO|logy|L65] 2024-06-05T12:44:42+0000: generator: Running the json configuration parser
[INFO|logy|L65] 2024-06-05T12:44:42+0000: generator: Done running the json configuration parser
[INFO|logy|L65] 2024-06-05T12:44:42+0000: generator: Running Ostream for the templates
[INFO|logy|L65] 2024-06-05T12:44:43+0000: generator: Done running Ostream for the templates
[ERROR|logy|L71] 2024-06-05T12:44:43+0000: generator: IndexError: list index out of range. Check template configuration for index 1.
[ERROR|logy|L71] 2024-06-05T12:44:43+0000: generator: IndexError: list index out of range. Check template configuration for index 2.
[INFO|logy|L65] 2024-06-05T12:55:36+0000: generator: Running the json configuration parser
[INFO|logy|L65] 2024-06-05T12:55:36+0000: generator: Done running the json configuration parser
[INFO|logy|L65] 2024-06-05T12:55:36+0000: generator: Running Ostream for the templates
[INFO|logy|L65] 2024-06-05T12:55:37+0000: generator: Done running Ostream for the templates
[ERROR|logy|L71] 2024-06-05T12:55:37+0000: generator: IndexError: list index out of range. Check template configuration for index 1.
[ERROR|logy|L71] 2024-06-05T12:55:37+0000: generator: IndexError: list index out of range. Check template configuration for index 2.
[INFO|logy|L65] 2024-06-05T12:57:28+0000: generator: Running the json configuration parser
[INFO|logy|L65] 2024-06-05T12:57:28+0000: generator: Done running the json configuration parser
[INFO|logy|L65] 2024-06-05T12:57:28+0000: generator: Running Ostream for the templates
[INFO|logy|L65] 2024-06-05T12:57:29+0000: generator: Done running Ostream for the templates
[ERROR|logy|L71] 2024-06-05T12:57:29+0000: generator: IndexError: list index out of range. Check template configuration for index 1.
[ERROR|logy|L71] 2024-06-05T12:57:29+0000: generator: IndexError: list index out of range. Check template configuration for index 2.
[INFO|logy|L65] 2024-06-05T12:57:51+0000: generator: Running the json configuration parser
[INFO|logy|L65] 2024-06-05T12:57:51+0000: generator: Done running the json configuration parser
[INFO|logy|L65] 2024-06-05T12:57:51+0000: generator: Running Ostream for the templates
[INFO|logy|L65] 2024-06-05T12:57:51+0000: generator: Done running Ostream for the templates
[ERROR|logy|L71] 2024-06-05T12:57:51+0000: generator: IndexError: list index out of range. Check template configuration for index 1.
[ERROR|logy|L71] 2024-06-05T12:57:51+0000: generator: IndexError: list index out of range. Check template configuration for index 2.
[INFO|logy|L65] 2024-06-05T12:58:17+0000: generator: Running the json configuration parser
[INFO|logy|L65] 2024-06-05T12:58:17+0000: generator: Done running the json configuration parser
[INFO|logy|L65] 2024-06-05T12:58:17+0000: generator: Running Ostream for the templates
[INFO|logy|L65] 2024-06-05T12:58:18+0000: generator: Done running Ostream for the templates
[ERROR|logy|L71] 2024-06-05T12:58:18+0000: generator: IndexError: list index out of range. Check template configuration for index 1.
[ERROR|logy|L71] 2024-06-05T12:58:18+0000: generator: IndexError: list index out of range. Check template configuration for index 2.
[INFO|logy|L65] 2024-06-05T13:12:06+0000: generator: Running the json configuration parser
[INFO|logy|L65] 2024-06-05T13:12:06+0000: generator: Done running the json configuration parser
[INFO|logy|L65] 2024-06-05T13:12:06+0000: generator: Running Ostream for the templates
[INFO|logy|L65] 2024-06-05T13:12:07+0000: generator: Done running Ostream for the templates
[ERROR|logy|L71] 2024-06-05T13:12:07+0000: generator: IndexError: list index out of range. Check template configuration for index 1.
[ERROR|logy|L71] 2024-06-05T13:12:07+0000: generator: IndexError: list index out of range. Check template configuration for index 2.
[INFO|logy|L65] 2024-06-05T13:20:06+0000: generator: Running the json configuration parser
[INFO|logy|L65] 2024-06-05T13:20:06+0000: generator: Done running the json configuration parser
[INFO|logy|L65] 2024-06-05T13:20:06+0000: generator: Running Ostream for the templates
[INFO|logy|L65] 2024-06-05T13:20:07+0000: generator: Done running Ostream for the templates
[ERROR|logy|L71] 2024-06-05T13:20:07+0000: generator: IndexError: list index out of range. Check template configuration for index 1.
[ERROR|logy|L71] 2024-06-05T13:20:07+0000: generator: IndexError: list index out of range. Check template configuration for index 2.
[INFO|logy|L65] 2024-06-05T13:25:57+0000: generator: Running the json configuration parser
[INFO|logy|L65] 2024-06-05T13:25:57+0000: generator: Done running the json configuration parser
[INFO|logy|L65] 2024-06-05T13:25:57+0000: generator: Running Ostream for the templates
[INFO|logy|L65] 2024-06-05T13:25:58+0000: generator: Done running Ostream for the templates
[ERROR|logy|L71] 2024-06-05T13:25:58+0000: generator: IndexError: list index out of range. Check template configuration for index 1.
[ERROR|logy|L71] 2024-06-05T13:25:58+0000: generator: IndexError: list index out of range. Check template configuration for index 2.
[INFO|logy|L65] 2024-06-05T13:31:00+0000: generator: Running the json configuration parser
[INFO|logy|L65] 2024-06-05T13:31:00+0000: generator: Done running the json configuration parser
[INFO|logy|L65] 2024-06-05T13:31:17+0000: generator: Running the json configuration parser
[INFO|logy|L65] 2024-06-05T13:31:17+0000: generator: Done running the json configuration parser
[INFO|logy|L65] 2024-06-05T13:31:28+0000: generator: Running the json configuration parser
[INFO|logy|L65] 2024-06-05T13:31:28+0000: generator: Done running the json configuration parser
[INFO|logy|L65] 2024-06-05T13:31:47+0000: generator: Running the json configuration parser
[INFO|logy|L65] 2024-06-05T13:31:47+0000: generator: Done running the json configuration parser
[INFO|logy|L65] 2024-06-05T13:32:29+0000: generator: Running the json configuration parser
[INFO|logy|L65] 2024-06-05T13:32:29+0000: generator: Done running the json configuration parser
[INFO|logy|L65] 2024-06-05T13:32:29+0000: generator: Running Ostream for the templates
[INFO|logy|L65] 2024-06-05T13:32:30+0000: generator: Done running Ostream for the templates
[ERROR|logy|L71] 2024-06-05T13:32:30+0000: generator: IndexError: list index out of range. Check template configuration for index 1.
[ERROR|logy|L71] 2024-06-05T13:32:30+0000: generator: IndexError: list index out of range. Check template configuration for index 2.
[INFO|logy|L65] 2024-06-05T13:32:48+0000: generator: Running the json configuration parser
[INFO|logy|L65] 2024-06-05T13:32:48+0000: generator: Done running the json configuration parser
[INFO|logy|L65] 2024-06-05T13:32:48+0000: generator: Running Ostream for the templates
[INFO|logy|L65] 2024-06-05T13:32:48+0000: generator: Done running Ostream for the templates
[ERROR|logy|L71] 2024-06-05T13:32:48+0000: generator: IndexError: list index out of range. Check template configuration for index 1.
[ERROR|logy|L71] 2024-06-05T13:32:48+0000: generator: IndexError: list index out of range. Check template configuration for index 2.
[INFO|logy|L65] 2024-06-05T13:32:56+0000: generator: Running the json configuration parser
[INFO|logy|L65] 2024-06-05T13:32:56+0000: generator: Done running the json configuration parser
[INFO|logy|L65] 2024-06-05T13:32:56+0000: generator: Running Ostream for the templates
[INFO|logy|L65] 2024-06-05T13:32:56+0000: generator: Done running Ostream for the templates
[INFO|logy|L65] 2024-06-05T13:32:56+0000: generator: Done running Ostream for the templates
[INFO|logy|L65] 2024-06-05T13:32:56+0000: generator: Done running Ostream for the templates
[INFO|logy|L65] 2024-06-05T13:33:02+0000: generator: Running the json configuration parser
[INFO|logy|L65] 2024-06-05T13:33:02+0000: generator: Done running the json configuration parser
[INFO|logy|L65] 2024-06-05T13:33:02+0000: generator: Running Ostream for the templates
[INFO|logy|L65] 2024-06-05T13:33:02+0000: generator: Done running Ostream for the templates
[INFO|logy|L65] 2024-06-05T13:33:02+0000: generator: Done running Ostream for the templates
[INFO|logy|L65] 2024-06-05T13:33:02+0000: generator: Done running Ostream for the templates
[INFO|logy|L65] 2024-06-05T13:33:06+0000: generator: Running the json configuration parser
[INFO|logy|L65] 2024-06-05T13:33:07+0000: generator: Done running the json configuration parser
[INFO|logy|L65] 2024-06-05T13:33:07+0000: generator: Running Ostream for the templates
[INFO|logy|L65] 2024-06-05T13:33:07+0000: generator: Done running Ostream for the templates
[ERROR|logy|L71] 2024-06-05T13:33:07+0000: generator: IndexError: list index out of range. Check template configuration for index 1.
[ERROR|logy|L71] 2024-06-05T13:33:07+0000: generator: IndexError: list index out of range. Check template configuration for index 2.
[INFO|logy|L65] 2024-06-05T13:33:22+0000: generator: Running the json configuration parser
[INFO|logy|L65] 2024-06-05T13:33:22+0000: generator: Done running the json configuration parser
[INFO|logy|L65] 2024-06-05T13:33:22+0000: generator: Running Ostream for the templates
[ERROR|logy|L71] 2024-06-05T13:33:22+0000: generator: An unexpected error occurred: name 'common_include_headers' is not defined. Check template configuration for index 0.
[ERROR|logy|L71] 2024-06-05T13:33:22+0000: generator: An unexpected error occurred: name 'common_include_headers' is not defined. Check template configuration for index 1.
[ERROR|logy|L71] 2024-06-05T13:33:22+0000: generator: An unexpected error occurred: name 'common_include_headers' is not defined. Check template configuration for index 2.
[INFO|logy|L65] 2024-06-05T13:35:03+0000: generator: Running the json configuration parser
[INFO|logy|L65] 2024-06-05T13:35:03+0000: generator: Done running the json configuration parser
[INFO|logy|L65] 2024-06-05T13:35:03+0000: generator: Running Ostream for the templates
[INFO|logy|L65] 2024-06-05T13:35:04+0000: generator: Done running Ostream for the templates
[INFO|logy|L65] 2024-06-05T13:35:46+0000: generator: Running the json configuration parser
[INFO|logy|L65] 2024-06-05T13:35:46+0000: generator: Done running the json configuration parser
[INFO|logy|L65] 2024-06-05T13:35:46+0000: generator: Running Ostream for the templates
[INFO|logy|L65] 2024-06-05T13:35:47+0000: generator: Done running Ostream for the templates
[INFO|logy|L65] 2024-07-07T02:11:47+0000: generator: Running the json configuration parser
[INFO|logy|L65] 2024-07-07T02:11:48+0000: generator: Done running the json configuration parser
[INFO|logy|L65] 2024-07-07T02:11:48+0000: generator: Running Ostream for the templates
[INFO|logy|L65] 2024-07-07T02:11:48+0000: generator: Done running Ostream for the templates
[INFO|logy|L65] 2024-07-07T02:13:59+0000: generator: Running the json configuration parser
[INFO|logy|L65] 2024-07-07T02:13:59+0000: generator: Done running the json configuration parser
[INFO|logy|L65] 2024-07-07T02:13:59+0000: generator: Running Ostream for the templates
[INFO|logy|L65] 2024-07-07T02:14:00+0000: generator: Done running Ostream for the templates
[INFO|logy|L65] 2024-07-20T14:17:22+0000: generator: Running the json configuration parser
[INFO|logy|L65] 2024-07-20T14:17:22+0000: generator: Done running the json configuration parser
[INFO|logy|L65] 2024-07-20T14:17:22+0000: generator: Running Ostream for the templates
[INFO|logy|L65] 2024-07-20T14:17:23+0000: generator: Done running Ostream for the templates
[INFO|logy|L65] 2024-07-20T14:27:26+0000: generator: Running the json configuration parser
[INFO|logy|L65] 2024-07-20T14:27:26+0000: generator: Done running the json configuration parser
[INFO|logy|L65] 2024-07-20T14:27:26+0000: generator: Running Ostream for the templates
[INFO|logy|L65] 2024-07-20T14:27:27+0000: generator: Done running Ostream for the templates
